Content-Type: multipart/alternative;
 boundary="===============7835404876147891320=="
MIME-Version: 1.0
Subject: Profile activation
From: test@example.com
To: sarfaraz.ongraph@gmail.com
Date: Thu, 20 Oct 2022 10:43:19 -0000
Message-ID: 
 <166626259941.4948.4669392097942089160@ip-172-31-45-170.ap-south-1.compute.internal>

--===============7835404876147891320==
Content-Type: text/plain; charset="utf-8"
MIME-Version: 1.0
Content-Transfer-Encoding: 7bit



To activate your profile, please follow this link:

http://15.206.68.234:8000/accounts/activate/j5cUuApfLUOSgK8b2hGk/

--===============7835404876147891320==
Content-Type: text/html; charset="utf-8"
MIME-Version: 1.0
Content-Transfer-Encoding: 7bit



<!DOCTYPE html PUBLIC "-//W3C//DTD XHTML 1.0 Transitional//EN"
        "http://www.w3.org/TR/xhtml1/DTD/xhtml1-transitional.dtd">
<html xmlns="http://www.w3.org/1999/xhtml">
<head>
    <meta http-equiv="Content-Type" content="text/html; charset=UTF-8"/>
    <title>Profile activation</title>
    <meta name="viewport" content="width=device-width, initial-scale=1.0"/>
</head>

<body>

<p>
    To activate your profile, please follow this link:
</p>

<p>
    <a href="http://15.206.68.234:8000/accounts/activate/j5cUuApfLUOSgK8b2hGk/">http://15.206.68.234:8000/accounts/activate/j5cUuApfLUOSgK8b2hGk/</a>
</p>

</body>

</html>

--===============7835404876147891320==--

-------------------------------------------------------------------------------
