Content-Type: multipart/alternative;
 boundary="===============1918772547212727716=="
MIME-Version: 1.0
Subject: Profile activation
From: test@example.com
To: aakash.choudhary.ongraph@gmail.com
Date: Fri, 21 Oct 2022 05:43:19 -0000
Message-ID: 
 <166633099978.1252.14841814392636738964@ip-172-31-45-170.ap-south-1.compute.internal>

--===============1918772547212727716==
Content-Type: text/plain; charset="utf-8"
MIME-Version: 1.0
Content-Transfer-Encoding: 7bit



To activate your profile, please follow this link:

http://65.2.172.148:8000/accounts/activate/mbybLah13npbkp3xQrNF/

--===============1918772547212727716==
Content-Type: text/html; charset="utf-8"
MIME-Version: 1.0
Content-Transfer-Encoding: 7bit



<!DOCTYPE html PUBLIC "-//W3C//DTD XHTML 1.0 Transitional//EN"
        "http://www.w3.org/TR/xhtml1/DTD/xhtml1-transitional.dtd">
<html xmlns="http://www.w3.org/1999/xhtml">
<head>
    <meta http-equiv="Content-Type" content="text/html; charset=UTF-8"/>
    <title>Profile activation</title>
    <meta name="viewport" content="width=device-width, initial-scale=1.0"/>
</head>

<body>

<p>
    To activate your profile, please follow this link:
</p>

<p>
    <a href="http://65.2.172.148:8000/accounts/activate/mbybLah13npbkp3xQrNF/">http://65.2.172.148:8000/accounts/activate/mbybLah13npbkp3xQrNF/</a>
</p>

</body>

</html>

--===============1918772547212727716==--

-------------------------------------------------------------------------------
